<!DOCTYPE html PUBLIC "-//W3C//DTD XHTML 1.1//EN" "http://www.w3.org/TR/xhtml11/DTD/xhtml11.dtd">
<html xmlns="http://www.w3.org/1999/xhtml"><head><title>TestNG Report</title><style type="text/css">table {margin-bottom:10px;border-collapse:collapse;empty-cells:show}th,td {border:1px solid #009;padding:.25em .5em}th {vertical-align:bottom}td {vertical-align:top}table a {font-weight:bold}.stripe td {background-color: #E6EBF9}.num {text-align:right}.passedodd td {background-color: #3F3}.passedeven td {background-color: #0A0}.skippedodd td {background-color: #DDD}.skippedeven td {background-color: #CCC}.failedodd td,.attn {background-color: #F33}.failedeven td,.stripe .attn {background-color: #D00}.stacktrace {white-space:pre;font-family:monospace}.totop {font-size:85%;text-align:center;border-bottom:2px solid #000}</style></head><body><table><tr><th>Test</th><th># Passed</th><th># Skipped</th><th># Failed</th><th>Time (ms)</th><th>Included Groups</th><th>Excluded Groups</th></tr><tr><th colspan="7">Default suite</th></tr><tr><td><a href="#t0">Default test</a></td><td class="num">1</td><td class="num">0</td><td class="num attn">1</td><td class="num">49,051</td><td></td><td></td></tr></table><table><thead><tr><th>Class</th><th>Method</th><th>Start</th><th>Time (ms)</th></tr></thead><tbody><tr><th colspan="4">Default suite</th></tr></tbody><tbody id="t0"><tr><th colspan="4">Default test &#8212; failed</th></tr><tr class="failedeven"><td rowspan="1">testRunner.TestRunnerKiwiSaverCalculator</td><td><a href="#m0">runScenario</a></td><td rowspan="1">1558842576458</td><td rowspan="1">31899</td></tr><tr><th colspan="4">Default test &#8212; passed</th></tr><tr class="passedeven"><td rowspan="1">testRunner.TestRunnerKiwiSaverCalculator</td><td><a href="#m1">runScenario</a></td><td rowspan="1">1558842560115</td><td rowspan="1">16339</td></tr></tbody></table><h2>Default test</h2><h3 id="m0">testRunner.TestRunnerKiwiSaverCalculator#runScenario</h3><table class="result"><tr class="param"><th>Parameter #1</th><th>Parameter #2</th></tr><tr class="param stripe"><td>&quot;Verify Retirement Projected Balance&quot;</td><td>&quot;Westpac KiwiSaver Scheme Risk Profiler and Retirement Calculator&quot;</td></tr><tr><th colspan="2">Messages</th></tr><tr><td colspan="2"><div class="messages">&lt;div &quot;result&quot;&gt;The user open a browser, enters to Westpac New Zealand Limited website (PASSED : 3s)&lt;/div&gt;<br/>&lt;div &quot;result&quot;&gt;navigates to KiwiSaver &amp;gt; KiwiSaver calculators &amp;gt; Click here to get started button (PASSED : 5s)&lt;/div&gt;<br/>&lt;div &quot;result&quot;&gt;The user put on values on fields (FAILED : 18s)&lt;/div&gt;<br/>&lt;div &quot;result&quot;&gt;it will calculate their KiwiSaver projected balance at retirement (SKIPPED)&lt;/div&gt;</div></td></tr><tr><th colspan="2">Exception</th></tr><tr><td colspan="2"><div class="stacktrace">org.openqa.selenium.NoSuchElementException: no such element: Unable to locate element: {&quot;method&quot;:&quot;xpath&quot;,&quot;selector&quot;:&quot;//span[text()=&apos;295,655&apos;]&quot;}
  (Session info: chrome=74.0.3729.169)
  (Driver info: chromedriver=74.0.3729.6 (255758eccf3d244491b8a1317aa76e1ce10d57e9-refs/branch-heads/3729@{#29}),platform=Windows NT 10.0.17134 x86_64) (WARNING: The server did not provide any stacktrace information)
Command duration or timeout: 0 milliseconds
For documentation on this error, please visit: http://seleniumhq.org/exceptions/no_such_element.html
Build info: version: &apos;3.11.0&apos;, revision: &apos;e59cfb3&apos;, time: &apos;2018-03-11T20:26:55.152Z&apos;
System info: host: &apos;DESKTOP-KCU6GMJ&apos;, ip: &apos;192.168.178.24&apos;, os.name: &apos;Windows 10&apos;, os.arch: &apos;amd64&apos;, os.version: &apos;10.0&apos;, java.version: &apos;1.8.0_201&apos;
Driver info: org.openqa.selenium.chrome.ChromeDriver
Capabilities {acceptInsecureCerts: false, acceptSslCerts: false, applicationCacheEnabled: false, browserConnectionEnabled: false, browserName: chrome, chrome: {chromedriverVersion: 74.0.3729.6 (255758eccf3d24..., userDataDir: C:\Users\mehol\AppData\Loca...}, cssSelectorsEnabled: true, databaseEnabled: false, goog:chromeOptions: {debuggerAddress: localhost:53229}, handlesAlerts: true, hasTouchScreen: false, javascriptEnabled: true, locationContextEnabled: true, mobileEmulationEnabled: false, nativeEvents: true, networkConnectionEnabled: false, pageLoadStrategy: normal, platform: XP, platformName: XP, proxy: Proxy(), rotatable: false, setWindowRect: true, strictFileInteractability: false, takesHeapSnapshot: true, takesScreenshot: true, timeouts: {implicit: 0, pageLoad: 300000, script: 30000}, unexpectedAlertBehaviour: ignore, unhandledPromptBehavior: ignore, version: 74.0.3729.169, webStorageEnabled: true}
Session ID: d7a38746aae77d88a93b8f72cbbac11e
*** Element info: {Using=xpath, value=//span[text()=&apos;295,655&apos;]}
	at sun.reflect.NativeConstructorAccessorImpl.newInstance0(Native Method)
	at sun.reflect.NativeConstructorAccessorImpl.newInstance(Unknown Source)
	at sun.reflect.DelegatingConstructorAccessorImpl.newInstance(Unknown Source)
	at java.lang.reflect.Constructor.newInstance(Unknown Source)
	at org.openqa.selenium.remote.ErrorHandler.createThrowable(ErrorHandler.java:214)
	at org.openqa.selenium.remote.ErrorHandler.throwIfResponseFailed(ErrorHandler.java:166)
	at org.openqa.selenium.remote.http.JsonHttpResponseCodec.reconstructValue(JsonHttpResponseCodec.java:40)
	at org.openqa.selenium.remote.http.AbstractHttpResponseCodec.decode(AbstractHttpResponseCodec.java:80)
	at org.openqa.selenium.remote.http.AbstractHttpResponseCodec.decode(AbstractHttpResponseCodec.java:44)
	at org.openqa.selenium.remote.HttpCommandExecutor.execute(HttpCommandExecutor.java:158)
	at org.openqa.selenium.remote.service.DriverCommandExecutor.execute(DriverCommandExecutor.java:83)
	at org.openqa.selenium.remote.RemoteWebDriver.execute(RemoteWebDriver.java:545)
	at org.openqa.selenium.remote.RemoteWebDriver.findElement(RemoteWebDriver.java:319)
	at org.openqa.selenium.remote.RemoteWebDriver.findElementByXPath(RemoteWebDriver.java:421)
	at org.openqa.selenium.By$ByXPath.findElement(By.java:361)
	at org.openqa.selenium.remote.RemoteWebDriver.findElement(RemoteWebDriver.java:311)
	at stepDefinition.KiwiSaverRetirementCalculator.the_user_put_on_values_on_fields(KiwiSaverRetirementCalculator.java:343)
	at ?.The user put on values on fields(src/test/resources/feature/KiwiSaverRetirementCalculator.feature:14)
</div></td></tr></table><p class="totop"><a href="#summary">back to summary</a></p><h3 id="m1">testRunner.TestRunnerKiwiSaverCalculator#runScenario</h3><table class="result"><tr class="param"><th>Parameter #1</th><th>Parameter #2</th></tr><tr class="param stripe"><td>&quot;Verify Information Icon on KiwiSaver Calculator&quot;</td><td>&quot;Westpac KiwiSaver Scheme Risk Profiler and Retirement Calculator&quot;</td></tr><tr><th colspan="2">Messages</th></tr><tr><td colspan="2"><div class="messages">&lt;div &quot;result&quot;&gt;The user open a browser, enters to Westpac New Zealand Limited website (PASSED : 3s)&lt;/div&gt;<br/>&lt;div &quot;result&quot;&gt;navigates to KiwiSaver &amp;gt; KiwiSaver calculators &amp;gt; Click here to get started button (PASSED : 5s)&lt;/div&gt;<br/>&lt;div &quot;result&quot;&gt;The user clicks on information icon besides the &amp;quot;Employment Status&amp;quot; field (PASSED : 0s)&lt;/div&gt;<br/>&lt;div &quot;result&quot;&gt;message &amp;quot;If you are earning a salary or wage, select ‘Employed’. Your employer contributions will be automatically calculated at a rate of 3% of your before-tax salary or wages. You can also select ‘Self-employed’ or ‘Not employed’ and then enter below (in the Voluntary contributions field), the amount and frequency of any contributions that you wish to make.&amp;quot; is displayed below the &amp;quot;Employment Status&amp;quot; field (PASSED : 0s)&lt;/div&gt;</div></td></tr></table><p class="totop"><a href="#summary">back to summary</a></p></body></html>